<testsuites name="results">
  <testsuite name="all" package="all">
    <property name="random_seed" value="1753219470" />
    <testcase name="test_read" classname="unit.reg_file.verify" file="/home/ckashino/programming/verilog/8bit/sim/unit/reg_file/verify.py" lineno="6" time="0.00010418891906738281" sim_time_ns="0.001" ratio_time="9.597949656750572">
      <failure message="Test failed with RANDOM_SEED=1753219470" />
    </testcase>
    <testcase name="test_write" classname="unit.reg_file.verify" file="/home/ckashino/programming/verilog/8bit/sim/unit/reg_file/verify.py" lineno="32" time="4.5299530029296875e-05" sim_time_ns="0.001" ratio_time="22.075284210526316">
      <failure message="Test failed with RANDOM_SEED=1753219470" />
    </testcase>
    <testcase name="test_write_read" classname="unit.reg_file.verify" file="/home/ckashino/programming/verilog/8bit/sim/unit/reg_file/verify.py" lineno="59" time="2.956390380859375e-05" sim_time_ns="0.001" ratio_time="33.82503225806452">
      <failure message="Test failed with RANDOM_SEED=1753219470" />
    </testcase>
  </testsuite>
</testsuites>
